{"contracts\\lottery.sol":{"l":{"69":3,"70":3,"71":3,"72":3,"73":3,"74":3,"75":3,"79":5,"80":4,"81":3,"84":3,"104":1,"105":1,"106":1,"107":1,"108":1,"114":1,"115":1,"116":0,"122":1,"123":1,"130":1,"137":0,"138":0,"139":0,"140":0,"144":0,"145":0,"147":0,"148":0,"149":0,"150":0,"155":5,"159":1,"163":0,"167":1,"171":5,"175":0,"179":0,"183":0,"187":0},"path":"C:\\Users\\Panka\\blockchainProjects\\1DayCourse\\lottery-project-backend\\contracts\\lottery.sol","s":{"1":5,"2":4,"3":3,"4":3,"5":1,"6":1,"7":1,"8":1,"9":1,"10":1,"11":1,"12":1,"13":0,"14":0,"15":0,"16":0,"17":0,"18":5,"19":1,"20":0,"21":1,"22":5,"23":0,"24":0,"25":0,"26":0},"b":{"1":[1,4],"2":[1,3],"3":[0,1],"4":[0,0]},"f":{"1":3,"2":5,"3":1,"4":1,"5":0,"6":5,"7":1,"8":0,"9":1,"10":5,"11":0,"12":0,"13":0,"14":0},"fnMap":{"1":{"name":"constructor","line":68,"loc":{"start":{"line":61,"column":4},"end":{"line":76,"column":4}}},"2":{"name":"enterLottery","line":78,"loc":{"start":{"line":78,"column":4},"end":{"line":85,"column":4}}},"3":{"name":"checkUpkeep","line":96,"loc":{"start":{"line":96,"column":4},"end":{"line":109,"column":4}}},"4":{"name":"performUpkeep","line":111,"loc":{"start":{"line":111,"column":4},"end":{"line":131,"column":4}}},"5":{"name":"fulfillRandomWords","line":133,"loc":{"start":{"line":133,"column":4},"end":{"line":151,"column":4}}},"6":{"name":"getEntryFee","line":154,"loc":{"start":{"line":154,"column":4},"end":{"line":156,"column":4}}},"7":{"name":"getPlayer","line":158,"loc":{"start":{"line":158,"column":4},"end":{"line":160,"column":4}}},"8":{"name":"getRecentWinner","line":162,"loc":{"start":{"line":162,"column":4},"end":{"line":164,"column":4}}},"9":{"name":"getLotteryState","line":166,"loc":{"start":{"line":166,"column":4},"end":{"line":168,"column":4}}},"10":{"name":"getInterval","line":170,"loc":{"start":{"line":170,"column":4},"end":{"line":172,"column":4}}},"11":{"name":"getNumWords","line":174,"loc":{"start":{"line":174,"column":4},"end":{"line":176,"column":4}}},"12":{"name":"getNumberOfPlayers","line":178,"loc":{"start":{"line":178,"column":4},"end":{"line":180,"column":4}}},"13":{"name":"getLatestTimestamp","line":182,"loc":{"start":{"line":182,"column":4},"end":{"line":184,"column":4}}},"14":{"name":"getRequestConfirmations","line":186,"loc":{"start":{"line":186,"column":4},"end":{"line":188,"column":4}}}},"statementMap":{"1":{"start":{"line":79,"column":8},"end":{"line":79,"column":76}},"2":{"start":{"line":80,"column":8},"end":{"line":80,"column":73}},"3":{"start":{"line":81,"column":8},"end":{"line":81,"column":42}},"4":{"start":{"line":84,"column":8},"end":{"line":84,"column":37}},"5":{"start":{"line":104,"column":8},"end":{"line":104,"column":59}},"6":{"start":{"line":105,"column":8},"end":{"line":105,"column":76}},"7":{"start":{"line":106,"column":8},"end":{"line":106,"column":48}},"8":{"start":{"line":107,"column":8},"end":{"line":107,"column":53}},"9":{"start":{"line":114,"column":8},"end":{"line":114,"column":47}},"10":{"start":{"line":115,"column":8},"end":{"line":115,"column":4100}},"11":{"start":{"line":123,"column":8},"end":{"line":123,"column":4371}},"12":{"start":{"line":130,"column":8},"end":{"line":130,"column":46}},"13":{"start":{"line":137,"column":8},"end":{"line":137,"column":65}},"14":{"start":{"line":138,"column":8},"end":{"line":138,"column":63}},"15":{"start":{"line":140,"column":8},"end":{"line":140,"column":4959}},"16":{"start":{"line":144,"column":8},"end":{"line":144,"column":5123}},"17":{"start":{"line":150,"column":8},"end":{"line":150,"column":39}},"18":{"start":{"line":155,"column":8},"end":{"line":155,"column":28}},"19":{"start":{"line":159,"column":8},"end":{"line":159,"column":31}},"20":{"start":{"line":163,"column":8},"end":{"line":163,"column":29}},"21":{"start":{"line":167,"column":8},"end":{"line":167,"column":29}},"22":{"start":{"line":171,"column":8},"end":{"line":171,"column":25}},"23":{"start":{"line":175,"column":8},"end":{"line":175,"column":24}},"24":{"start":{"line":179,"column":8},"end":{"line":179,"column":31}},"25":{"start":{"line":183,"column":8},"end":{"line":183,"column":30}},"26":{"start":{"line":187,"column":8},"end":{"line":187,"column":36}}},"branchMap":{"1":{"line":79,"type":"if","locations":[{"start":{"line":79,"column":8},"end":{"line":79,"column":8}},{"start":{"line":79,"column":8},"end":{"line":79,"column":8}}]},"2":{"line":80,"type":"if","locations":[{"start":{"line":80,"column":8},"end":{"line":80,"column":8}},{"start":{"line":80,"column":8},"end":{"line":80,"column":8}}]},"3":{"line":115,"type":"if","locations":[{"start":{"line":115,"column":8},"end":{"line":115,"column":8}},{"start":{"line":115,"column":8},"end":{"line":115,"column":8}}]},"4":{"line":144,"type":"if","locations":[{"start":{"line":144,"column":8},"end":{"line":144,"column":8}},{"start":{"line":144,"column":8},"end":{"line":144,"column":8}}]}}},"contracts\\test\\vrfCoordinatorV2Mock.sol":{"l":{},"path":"C:\\Users\\Panka\\blockchainProjects\\1DayCourse\\lottery-project-backend\\contracts\\test\\vrfCoordinatorV2Mock.sol","s":{},"b":{},"f":{},"fnMap":{},"statementMap":{},"branchMap":{}}}