TN:
SF:C:\Users\Panka\blockchainProjects\1DayCourse\lottery-project-backend\contracts\lottery.sol
FN:68,constructor
FN:78,enterLottery
FN:96,checkUpkeep
FN:111,performUpkeep
FN:133,fulfillRandomWords
FN:154,getEntryFee
FN:158,getPlayer
FN:162,getRecentWinner
FN:166,getLotteryState
FN:170,getInterval
FN:174,getNumWords
FN:178,getNumberOfPlayers
FN:182,getLatestTimestamp
FN:186,getRequestConfirmations
FNF:14
FNH:8
FNDA:3,constructor
FNDA:5,enterLottery
FNDA:1,checkUpkeep
FNDA:1,performUpkeep
FNDA:0,fulfillRandomWords
FNDA:5,getEntryFee
FNDA:1,getPlayer
FNDA:0,getRecentWinner
FNDA:1,getLotteryState
FNDA:5,getInterval
FNDA:0,getNumWords
FNDA:0,getNumberOfPlayers
FNDA:0,getLatestTimestamp
FNDA:0,getRequestConfirmations
DA:69,3
DA:70,3
DA:71,3
DA:72,3
DA:73,3
DA:74,3
DA:75,3
DA:79,5
DA:80,4
DA:81,3
DA:84,3
DA:104,1
DA:105,1
DA:106,1
DA:107,1
DA:108,1
DA:114,1
DA:115,1
DA:116,0
DA:122,1
DA:123,1
DA:130,1
DA:137,0
DA:138,0
DA:139,0
DA:140,0
DA:144,0
DA:145,0
DA:147,0
DA:148,0
DA:149,0
DA:150,0
DA:155,5
DA:159,1
DA:163,0
DA:167,1
DA:171,5
DA:175,0
DA:179,0
DA:183,0
DA:187,0
LF:41
LH:25
BRDA:79,1,0,1
BRDA:79,1,1,4
BRDA:80,2,0,1
BRDA:80,2,1,3
BRDA:115,3,0,0
BRDA:115,3,1,1
BRDA:144,4,0,0
BRDA:144,4,1,0
BRF:8
BRH:5
end_of_record
TN:
SF:C:\Users\Panka\blockchainProjects\1DayCourse\lottery-project-backend\contracts\test\vrfCoordinatorV2Mock.sol
FNF:0
FNH:0
LF:0
LH:0
BRF:0
BRH:0
end_of_record
